<?xml version="1.0" encoding="UTF-8"?>
<testsuite name="com.example.dogedice.model.PlayerTest" tests="5" skipped="0" failures="0" errors="0" timestamp="2019-11-13T12:28:37" hostname="Christians-MacBook-Pro.local" time="0.008">
  <properties/>
  <testcase name="addModifiers()" classname="com.example.dogedice.model.PlayerTest" time="0.001"/>
  <testcase name="rollDice()" classname="com.example.dogedice.model.PlayerTest" time="0.0"/>
  <testcase name="isBot()" classname="com.example.dogedice.model.PlayerTest" time="0.001"/>
  <testcase name="getPoints()" classname="com.example.dogedice.model.PlayerTest" time="0.001"/>
  <testcase name="setName()" classname="com.example.dogedice.model.PlayerTest" time="0.003"/>
  <system-out><![CDATA[Testing that modifiers are added correctly.
Testing that dice are added properly.
Testing that HumanPlayer isn't a bot and that CpuPlayer is a bot.
Testing that points are added and summed up correctly.
Testing creating a few players with random names.
]]></system-out>
  <system-err><![CDATA[]]></system-err>
</testsuite>
