<?xml version="1.0" encoding="UTF-8"?>
<testsuite name="com.example.dogedice.model.DieTest" tests="4" skipped="0" failures="0" errors="0" timestamp="2019-11-15T15:17:48" hostname="Christians-MacBook-Pro.local" time="0.009">
  <properties/>
  <testcase name="sixSidedDie()" classname="com.example.dogedice.model.DieTest" time="0.001"/>
  <testcase name="twentySidedDie()" classname="com.example.dogedice.model.DieTest" time="0.001"/>
  <testcase name="oneSidedDie()" classname="com.example.dogedice.model.DieTest" time="0.003"/>
  <testcase name="twelveSidedDie()" classname="com.example.dogedice.model.DieTest" time="0.001"/>
  <system-out><![CDATA[]]></system-out>
  <system-err><![CDATA[[Test worker] INFO com.example.dogedice.model.DieTest - Testing with 6-sided die
[Test worker] INFO com.example.dogedice.model.DieTest - Testing with 20-sided die
[Test worker] INFO com.example.dogedice.model.DieTest - Testing with 1-sided die
[Test worker] INFO com.example.dogedice.model.DieTest - Testing with 12-sided die
]]></system-err>
</testsuite>
